Determining if files sys/vfs.h exist failed with the following output:
Change Dir: /Users/almightykim/Workspace/PC/CODE/aptcache/apt-cacher-ng/CMakeFiles/CMakeTmp

Run Build Command:"/usr/bin/make" "cmTC_034a1/fast"
/Applications/Xcode.app/Contents/Developer/usr/bin/make -f CMakeFiles/cmTC_034a1.dir/build.make CMakeFiles/cmTC_034a1.dir/build
Building C object CMakeFiles/cmTC_034a1.dir/CheckIncludeFiles.c.o
/Applications/Xcode.app/Contents/Developer/Toolchains/XcodeDefault.xctoolchain/usr/bin/cc     -o CMakeFiles/cmTC_034a1.dir/CheckIncludeFiles.c.o   -c /Users/almightykim/Workspace/PC/CODE/aptcache/apt-cacher-ng/CMakeFiles/CMakeTmp/CheckIncludeFiles.c
/Users/almightykim/Workspace/PC/CODE/aptcache/apt-cacher-ng/CMakeFiles/CMakeTmp/CheckIncludeFiles.c:2:10: fatal error: 'sys/vfs.h' file not found
#include <sys/vfs.h>
         ^
1 error generated.
make[1]: *** [CMakeFiles/cmTC_034a1.dir/CheckIncludeFiles.c.o] Error 1
make: *** [cmTC_034a1/fast] Error 2

Source:
/* */
#include <sys/vfs.h>


int main(void){return 0;}

Determining if the BZ2_bzCompressInit exist failed with the following output:
Change Dir: /Users/almightykim/Workspace/PC/CODE/aptcache/apt-cacher-ng/CMakeFiles/CMakeTmp

Run Build Command:"/usr/bin/make" "cmTC_b890b/fast"
/Applications/Xcode.app/Contents/Developer/usr/bin/make -f CMakeFiles/cmTC_b890b.dir/build.make CMakeFiles/cmTC_b890b.dir/build
Building C object CMakeFiles/cmTC_b890b.dir/CheckSymbolExists.c.o
/Applications/Xcode.app/Contents/Developer/Toolchains/XcodeDefault.xctoolchain/usr/bin/cc    -pthread -g -O2 -Wall -Wextra -Wno-unused-parameter -D_FILE_OFFSET_BITS=64  -D_DARWIN_C_SOURCE  -std=c++11   -o CMakeFiles/cmTC_b890b.dir/CheckSymbolExists.c.o   -c /Users/almightykim/Workspace/PC/CODE/aptcache/apt-cacher-ng/CMakeFiles/CMakeTmp/CheckSymbolExists.c
error: invalid argument '-std=c++11' not allowed with 'C/ObjC'
make[1]: *** [CMakeFiles/cmTC_b890b.dir/CheckSymbolExists.c.o] Error 1
make: *** [cmTC_b890b/fast] Error 2

File /Users/almightykim/Workspace/PC/CODE/aptcache/apt-cacher-ng/CMakeFiles/CMakeTmp/CheckSymbolExists.c:
/* */
#include <bzlib.h>

int main(int argc, char** argv)
{
  (void)argv;
#ifndef BZ2_bzCompressInit
  return ((int*)(&BZ2_bzCompressInit))[argc];
#else
  (void)argc;
  return 0;
#endif
}

Performing C++ SOURCE FILE Test HAVE_SSL failed with the following output:
Change Dir: /Users/almightykim/Workspace/PC/CODE/aptcache/apt-cacher-ng/CMakeFiles/CMakeTmp

Run Build Command:"/usr/bin/make" "cmTC_d573f/fast"
/Applications/Xcode.app/Contents/Developer/usr/bin/make -f CMakeFiles/cmTC_d573f.dir/build.make CMakeFiles/cmTC_d573f.dir/build
Building CXX object CMakeFiles/cmTC_d573f.dir/src.cxx.o
/Applications/Xcode.app/Contents/Developer/Toolchains/XcodeDefault.xctoolchain/usr/bin/c++     -DHAVE_SSL    -pthread -g -O2 -Wall -Wextra -Wno-unused-parameter -D_FILE_OFFSET_BITS=64  -D_DARWIN_C_SOURCE  -std=c++11   -o CMakeFiles/cmTC_d573f.dir/src.cxx.o -c /Users/almightykim/Workspace/PC/CODE/aptcache/apt-cacher-ng/CMakeFiles/CMakeTmp/src.cxx
In file included from /Users/almightykim/Workspace/PC/CODE/aptcache/apt-cacher-ng/CMakeFiles/CMakeTmp/src.cxx:1:
/Users/almightykim/Workspace/PC/CODE/aptcache/apt-cacher-ng/include/testssl.h:1:10: fatal error: 'openssl/bio.h' file not found
#include <openssl/bio.h>
         ^
1 error generated.
make[1]: *** [CMakeFiles/cmTC_d573f.dir/src.cxx.o] Error 1
make: *** [cmTC_d573f/fast] Error 2

Source file was:
#include "/Users/almightykim/Workspace/PC/CODE/aptcache/apt-cacher-ng/include/testssl.h"
Performing C++ SOURCE FILE Test HAVE_LIBWRAP failed with the following output:
Change Dir: /Users/almightykim/Workspace/PC/CODE/aptcache/apt-cacher-ng/CMakeFiles/CMakeTmp

Run Build Command:"/usr/bin/make" "cmTC_730c0/fast"
/Applications/Xcode.app/Contents/Developer/usr/bin/make -f CMakeFiles/cmTC_730c0.dir/build.make CMakeFiles/cmTC_730c0.dir/build
Building CXX object CMakeFiles/cmTC_730c0.dir/src.cxx.o
/Applications/Xcode.app/Contents/Developer/Toolchains/XcodeDefault.xctoolchain/usr/bin/c++     -DHAVE_LIBWRAP    -pthread -g -O2 -Wall -Wextra -Wno-unused-parameter -D_FILE_OFFSET_BITS=64  -D_DARWIN_C_SOURCE  -std=c++11   -o CMakeFiles/cmTC_730c0.dir/src.cxx.o -c /Users/almightykim/Workspace/PC/CODE/aptcache/apt-cacher-ng/CMakeFiles/CMakeTmp/src.cxx
/Users/almightykim/Workspace/PC/CODE/aptcache/apt-cacher-ng/CMakeFiles/CMakeTmp/src.cxx:2:10: fatal error: 'tcpd.h' file not found
#include <tcpd.h>
         ^
1 error generated.
make[1]: *** [CMakeFiles/cmTC_730c0.dir/src.cxx.o] Error 1
make: *** [cmTC_730c0/fast] Error 2

Source file was:

#include <tcpd.h>
int main() { request_info req; request_init(&req, RQ_FILE, 0, 0); fromhost(&req); return !hosts_access(&req); }

Performing C++ SOURCE FILE Test HAVE_FADVISE failed with the following output:
Change Dir: /Users/almightykim/Workspace/PC/CODE/aptcache/apt-cacher-ng/CMakeFiles/CMakeTmp

Run Build Command:"/usr/bin/make" "cmTC_c6dfb/fast"
/Applications/Xcode.app/Contents/Developer/usr/bin/make -f CMakeFiles/cmTC_c6dfb.dir/build.make CMakeFiles/cmTC_c6dfb.dir/build
Building CXX object CMakeFiles/cmTC_c6dfb.dir/src.cxx.o
/Applications/Xcode.app/Contents/Developer/Toolchains/XcodeDefault.xctoolchain/usr/bin/c++     -DHAVE_FADVISE    -pthread -g -O2 -Wall -Wextra -Wno-unused-parameter -D_FILE_OFFSET_BITS=64  -D_DARWIN_C_SOURCE  -std=c++11   -o CMakeFiles/cmTC_c6dfb.dir/src.cxx.o -c /Users/almightykim/Workspace/PC/CODE/aptcache/apt-cacher-ng/CMakeFiles/CMakeTmp/src.cxx
/Users/almightykim/Workspace/PC/CODE/aptcache/apt-cacher-ng/CMakeFiles/CMakeTmp/src.cxx:4:90: error: use of undeclared identifier 'POSIX_FADV_SEQUENTIAL'
int testme(int fd, off_t offset, off_t len, int) { return posix_fadvise(fd, offset, len, POSIX_FADV_SEQUENTIAL); }; int main(int,char**){return testme(0,0,0,0);}
                                                                                         ^
1 error generated.
make[1]: *** [CMakeFiles/cmTC_c6dfb.dir/src.cxx.o] Error 1
make: *** [cmTC_c6dfb/fast] Error 2

Source file was:

#define _XOPEN_SOURCE 600
#include <fcntl.h>
int testme(int fd, off_t offset, off_t len, int) { return posix_fadvise(fd, offset, len, POSIX_FADV_SEQUENTIAL); }; int main(int,char**){return testme(0,0,0,0);}

Performing C++ SOURCE FILE Test HAVE_LINUX_FALLOCATE failed with the following output:
Change Dir: /Users/almightykim/Workspace/PC/CODE/aptcache/apt-cacher-ng/CMakeFiles/CMakeTmp

Run Build Command:"/usr/bin/make" "cmTC_898df/fast"
/Applications/Xcode.app/Contents/Developer/usr/bin/make -f CMakeFiles/cmTC_898df.dir/build.make CMakeFiles/cmTC_898df.dir/build
Building CXX object CMakeFiles/cmTC_898df.dir/src.cxx.o
/Applications/Xcode.app/Contents/Developer/Toolchains/XcodeDefault.xctoolchain/usr/bin/c++     -DHAVE_LINUX_FALLOCATE    -pthread -g -O2 -Wall -Wextra -Wno-unused-parameter -D_FILE_OFFSET_BITS=64  -D_DARWIN_C_SOURCE  -std=c++11   -o CMakeFiles/cmTC_898df.dir/src.cxx.o -c /Users/almightykim/Workspace/PC/CODE/aptcache/apt-cacher-ng/CMakeFiles/CMakeTmp/src.cxx
/Users/almightykim/Workspace/PC/CODE/aptcache/apt-cacher-ng/CMakeFiles/CMakeTmp/src.cxx:3:10: fatal error: 'linux/falloc.h' file not found
#include <linux/falloc.h>
         ^
1 error generated.
make[1]: *** [CMakeFiles/cmTC_898df.dir/src.cxx.o] Error 1
make: *** [cmTC_898df/fast] Error 2

Source file was:

#define _GNU_SOURCE
#include <linux/falloc.h>
#include <fcntl.h>
int main() { int fd=1; return fallocate(fd, FALLOC_FL_KEEP_SIZE, 1, 2); }

Performing C++ SOURCE FILE Test HAVE_LINUX_SENDFILE failed with the following output:
Change Dir: /Users/almightykim/Workspace/PC/CODE/aptcache/apt-cacher-ng/CMakeFiles/CMakeTmp

Run Build Command:"/usr/bin/make" "cmTC_f92c4/fast"
/Applications/Xcode.app/Contents/Developer/usr/bin/make -f CMakeFiles/cmTC_f92c4.dir/build.make CMakeFiles/cmTC_f92c4.dir/build
Building CXX object CMakeFiles/cmTC_f92c4.dir/src.cxx.o
/Applications/Xcode.app/Contents/Developer/Toolchains/XcodeDefault.xctoolchain/usr/bin/c++     -DHAVE_LINUX_SENDFILE    -pthread -g -O2 -Wall -Wextra -Wno-unused-parameter -D_FILE_OFFSET_BITS=64  -D_DARWIN_C_SOURCE  -std=c++11   -o CMakeFiles/cmTC_f92c4.dir/src.cxx.o -c /Users/almightykim/Workspace/PC/CODE/aptcache/apt-cacher-ng/CMakeFiles/CMakeTmp/src.cxx
/Users/almightykim/Workspace/PC/CODE/aptcache/apt-cacher-ng/CMakeFiles/CMakeTmp/src.cxx:2:10: fatal error: 'sys/sendfile.h' file not found
#include <sys/sendfile.h>
         ^
1 error generated.
make[1]: *** [CMakeFiles/cmTC_f92c4.dir/src.cxx.o] Error 1
make: *** [cmTC_f92c4/fast] Error 2

Source file was:

#include <sys/sendfile.h>
int main(int argc, char **argv) { off_t yes(3); return (int) sendfile(1, 2, &yes, 4); }

Performing C++ SOURCE FILE Test HAVE_DAEMON failed with the following output:
Change Dir: /Users/almightykim/Workspace/PC/CODE/aptcache/apt-cacher-ng/CMakeFiles/CMakeTmp

Run Build Command:"/usr/bin/make" "cmTC_3ad46/fast"
/Applications/Xcode.app/Contents/Developer/usr/bin/make -f CMakeFiles/cmTC_3ad46.dir/build.make CMakeFiles/cmTC_3ad46.dir/build
Building CXX object CMakeFiles/cmTC_3ad46.dir/src.cxx.o
/Applications/Xcode.app/Contents/Developer/Toolchains/XcodeDefault.xctoolchain/usr/bin/c++     -DHAVE_DAEMON    -pthread -g -O2 -Wall -Wextra -Wno-unused-parameter -D_FILE_OFFSET_BITS=64  -D_DARWIN_C_SOURCE  -std=c++11   -o CMakeFiles/cmTC_3ad46.dir/src.cxx.o -c /Users/almightykim/Workspace/PC/CODE/aptcache/apt-cacher-ng/CMakeFiles/CMakeTmp/src.cxx
/Users/almightykim/Workspace/PC/CODE/aptcache/apt-cacher-ng/CMakeFiles/CMakeTmp/src.cxx:3:21: error: use of undeclared identifier 'daemon'
int main() { return daemon(0, 0); }
                    ^
1 error generated.
make[1]: *** [CMakeFiles/cmTC_3ad46.dir/src.cxx.o] Error 1
make: *** [cmTC_3ad46/fast] Error 2

Source file was:

#include <unistd.h>
int main() { return daemon(0, 0); }

Performing C++ SOURCE FILE Test HAVE_LINUX_SPLICE failed with the following output:
Change Dir: /Users/almightykim/Workspace/PC/CODE/aptcache/apt-cacher-ng/CMakeFiles/CMakeTmp

Run Build Command:"/usr/bin/make" "cmTC_4265b/fast"
/Applications/Xcode.app/Contents/Developer/usr/bin/make -f CMakeFiles/cmTC_4265b.dir/build.make CMakeFiles/cmTC_4265b.dir/build
Building CXX object CMakeFiles/cmTC_4265b.dir/src.cxx.o
/Applications/Xcode.app/Contents/Developer/Toolchains/XcodeDefault.xctoolchain/usr/bin/c++     -DHAVE_LINUX_SPLICE    -pthread -g -O2 -Wall -Wextra -Wno-unused-parameter -D_FILE_OFFSET_BITS=64  -D_DARWIN_C_SOURCE  -std=c++11   -o CMakeFiles/cmTC_4265b.dir/src.cxx.o -c /Users/almightykim/Workspace/PC/CODE/aptcache/apt-cacher-ng/CMakeFiles/CMakeTmp/src.cxx
/Users/almightykim/Workspace/PC/CODE/aptcache/apt-cacher-ng/CMakeFiles/CMakeTmp/src.cxx:4:14: error: unknown type name 'loff_t'; did you mean 'off_t'?
int main() { loff_t sin(12), sout(34); return splice(0, &sin, 1, &sout, 12, SPLICE_F_MORE); }
             ^~~~~~
             off_t
/usr/include/sys/_types/_off_t.h:30:25: note: 'off_t' declared here
typedef __darwin_off_t          off_t;
                                ^
/Users/almightykim/Workspace/PC/CODE/aptcache/apt-cacher-ng/CMakeFiles/CMakeTmp/src.cxx:4:77: error: use of undeclared identifier 'SPLICE_F_MORE'
int main() { loff_t sin(12), sout(34); return splice(0, &sin, 1, &sout, 12, SPLICE_F_MORE); }
                                                                            ^
2 errors generated.
make[1]: *** [CMakeFiles/cmTC_4265b.dir/src.cxx.o] Error 1
make: *** [cmTC_4265b/fast] Error 2

Source file was:

#define _GNU_SOURCE
#include <fcntl.h>
int main() { loff_t sin(12), sout(34); return splice(0, &sin, 1, &sout, 12, SPLICE_F_MORE); }

Determining if the include file sys/types.h exists failed with the following output:
Change Dir: /Users/almightykim/Workspace/PC/CODE/aptcache/apt-cacher-ng/CMakeFiles/CMakeTmp

Run Build Command:"/usr/bin/make" "cmTC_0416f/fast"
/Applications/Xcode.app/Contents/Developer/usr/bin/make -f CMakeFiles/cmTC_0416f.dir/build.make CMakeFiles/cmTC_0416f.dir/build
Building C object CMakeFiles/cmTC_0416f.dir/CheckIncludeFile.c.o
/Applications/Xcode.app/Contents/Developer/Toolchains/XcodeDefault.xctoolchain/usr/bin/cc    -pthread -g -O2 -Wall -Wextra -Wno-unused-parameter -D_FILE_OFFSET_BITS=64  -D_DARWIN_C_SOURCE  -std=c++11   -o CMakeFiles/cmTC_0416f.dir/CheckIncludeFile.c.o   -c /Users/almightykim/Workspace/PC/CODE/aptcache/apt-cacher-ng/CMakeFiles/CMakeTmp/CheckIncludeFile.c
error: invalid argument '-std=c++11' not allowed with 'C/ObjC'
make[1]: *** [CMakeFiles/cmTC_0416f.dir/CheckIncludeFile.c.o] Error 1
make: *** [cmTC_0416f/fast] Error 2


Determining if the include file stdint.h exists failed with the following output:
Change Dir: /Users/almightykim/Workspace/PC/CODE/aptcache/apt-cacher-ng/CMakeFiles/CMakeTmp

Run Build Command:"/usr/bin/make" "cmTC_ccf4f/fast"
/Applications/Xcode.app/Contents/Developer/usr/bin/make -f CMakeFiles/cmTC_ccf4f.dir/build.make CMakeFiles/cmTC_ccf4f.dir/build
Building C object CMakeFiles/cmTC_ccf4f.dir/CheckIncludeFile.c.o
/Applications/Xcode.app/Contents/Developer/Toolchains/XcodeDefault.xctoolchain/usr/bin/cc    -pthread -g -O2 -Wall -Wextra -Wno-unused-parameter -D_FILE_OFFSET_BITS=64  -D_DARWIN_C_SOURCE  -std=c++11   -o CMakeFiles/cmTC_ccf4f.dir/CheckIncludeFile.c.o   -c /Users/almightykim/Workspace/PC/CODE/aptcache/apt-cacher-ng/CMakeFiles/CMakeTmp/CheckIncludeFile.c
error: invalid argument '-std=c++11' not allowed with 'C/ObjC'
make[1]: *** [CMakeFiles/cmTC_ccf4f.dir/CheckIncludeFile.c.o] Error 1
make: *** [cmTC_ccf4f/fast] Error 2


Determining if the include file stddef.h exists failed with the following output:
Change Dir: /Users/almightykim/Workspace/PC/CODE/aptcache/apt-cacher-ng/CMakeFiles/CMakeTmp

Run Build Command:"/usr/bin/make" "cmTC_fdae2/fast"
/Applications/Xcode.app/Contents/Developer/usr/bin/make -f CMakeFiles/cmTC_fdae2.dir/build.make CMakeFiles/cmTC_fdae2.dir/build
Building C object CMakeFiles/cmTC_fdae2.dir/CheckIncludeFile.c.o
/Applications/Xcode.app/Contents/Developer/Toolchains/XcodeDefault.xctoolchain/usr/bin/cc    -pthread -g -O2 -Wall -Wextra -Wno-unused-parameter -D_FILE_OFFSET_BITS=64  -D_DARWIN_C_SOURCE  -std=c++11   -o CMakeFiles/cmTC_fdae2.dir/CheckIncludeFile.c.o   -c /Users/almightykim/Workspace/PC/CODE/aptcache/apt-cacher-ng/CMakeFiles/CMakeTmp/CheckIncludeFile.c
error: invalid argument '-std=c++11' not allowed with 'C/ObjC'
make[1]: *** [CMakeFiles/cmTC_fdae2.dir/CheckIncludeFile.c.o] Error 1
make: *** [cmTC_fdae2/fast] Error 2


Determining size of int failed with the following output:
Change Dir: /Users/almightykim/Workspace/PC/CODE/aptcache/apt-cacher-ng/CMakeFiles/CMakeTmp

Run Build Command:"/usr/bin/make" "cmTC_fc8ca/fast"
/Applications/Xcode.app/Contents/Developer/usr/bin/make -f CMakeFiles/cmTC_fc8ca.dir/build.make CMakeFiles/cmTC_fc8ca.dir/build
Building C object CMakeFiles/cmTC_fc8ca.dir/SIZE_INT.c.o
/Applications/Xcode.app/Contents/Developer/Toolchains/XcodeDefault.xctoolchain/usr/bin/cc    -pthread -g -O2 -Wall -Wextra -Wno-unused-parameter -D_FILE_OFFSET_BITS=64  -D_DARWIN_C_SOURCE  -std=c++11   -o CMakeFiles/cmTC_fc8ca.dir/SIZE_INT.c.o   -c /Users/almightykim/Workspace/PC/CODE/aptcache/apt-cacher-ng/CMakeFiles/CheckTypeSize/SIZE_INT.c
error: invalid argument '-std=c++11' not allowed with 'C/ObjC'
make[1]: *** [CMakeFiles/cmTC_fc8ca.dir/SIZE_INT.c.o] Error 1
make: *** [cmTC_fc8ca/fast] Error 2

/Users/almightykim/Workspace/PC/CODE/aptcache/apt-cacher-ng/CMakeFiles/CheckTypeSize/SIZE_INT.c:


#undef KEY
#if defined(__i386)
# define KEY '_','_','i','3','8','6'
#elif defined(__x86_64)
# define KEY '_','_','x','8','6','_','6','4'
#elif defined(__ppc__)
# define KEY '_','_','p','p','c','_','_'
#elif defined(__ppc64__)
# define KEY '_','_','p','p','c','6','4','_','_'
#endif

#define SIZE (sizeof(int))
char info_size[] =  {'I', 'N', 'F', 'O', ':', 's','i','z','e','[',
  ('0' + ((SIZE / 10000)%10)),
  ('0' + ((SIZE / 1000)%10)),
  ('0' + ((SIZE / 100)%10)),
  ('0' + ((SIZE / 10)%10)),
  ('0' +  (SIZE    % 10)),
  ']',
#ifdef KEY
  ' ','k','e','y','[', KEY, ']',
#endif
  '\0'};

#ifdef __CLASSIC_C__
int main(argc, argv) int argc; char *argv[];
#else
int main(int argc, char *argv[])
#endif
{
  int require = 0;
  require += info_size[argc];
  (void)argv;
  return require;
}


Determining size of long failed with the following output:
Change Dir: /Users/almightykim/Workspace/PC/CODE/aptcache/apt-cacher-ng/CMakeFiles/CMakeTmp

Run Build Command:"/usr/bin/make" "cmTC_f40d7/fast"
/Applications/Xcode.app/Contents/Developer/usr/bin/make -f CMakeFiles/cmTC_f40d7.dir/build.make CMakeFiles/cmTC_f40d7.dir/build
Building C object CMakeFiles/cmTC_f40d7.dir/SIZE_LONG.c.o
/Applications/Xcode.app/Contents/Developer/Toolchains/XcodeDefault.xctoolchain/usr/bin/cc    -pthread -g -O2 -Wall -Wextra -Wno-unused-parameter -D_FILE_OFFSET_BITS=64  -D_DARWIN_C_SOURCE  -std=c++11   -o CMakeFiles/cmTC_f40d7.dir/SIZE_LONG.c.o   -c /Users/almightykim/Workspace/PC/CODE/aptcache/apt-cacher-ng/CMakeFiles/CheckTypeSize/SIZE_LONG.c
error: invalid argument '-std=c++11' not allowed with 'C/ObjC'
make[1]: *** [CMakeFiles/cmTC_f40d7.dir/SIZE_LONG.c.o] Error 1
make: *** [cmTC_f40d7/fast] Error 2

/Users/almightykim/Workspace/PC/CODE/aptcache/apt-cacher-ng/CMakeFiles/CheckTypeSize/SIZE_LONG.c:


#undef KEY
#if defined(__i386)
# define KEY '_','_','i','3','8','6'
#elif defined(__x86_64)
# define KEY '_','_','x','8','6','_','6','4'
#elif defined(__ppc__)
# define KEY '_','_','p','p','c','_','_'
#elif defined(__ppc64__)
# define KEY '_','_','p','p','c','6','4','_','_'
#endif

#define SIZE (sizeof(long))
char info_size[] =  {'I', 'N', 'F', 'O', ':', 's','i','z','e','[',
  ('0' + ((SIZE / 10000)%10)),
  ('0' + ((SIZE / 1000)%10)),
  ('0' + ((SIZE / 100)%10)),
  ('0' + ((SIZE / 10)%10)),
  ('0' +  (SIZE    % 10)),
  ']',
#ifdef KEY
  ' ','k','e','y','[', KEY, ']',
#endif
  '\0'};

#ifdef __CLASSIC_C__
int main(argc, argv) int argc; char *argv[];
#else
int main(int argc, char *argv[])
#endif
{
  int require = 0;
  require += info_size[argc];
  (void)argv;
  return require;
}


Determining size of unsigned short failed with the following output:
Change Dir: /Users/almightykim/Workspace/PC/CODE/aptcache/apt-cacher-ng/CMakeFiles/CMakeTmp

Run Build Command:"/usr/bin/make" "cmTC_beaa5/fast"
/Applications/Xcode.app/Contents/Developer/usr/bin/make -f CMakeFiles/cmTC_beaa5.dir/build.make CMakeFiles/cmTC_beaa5.dir/build
Building C object CMakeFiles/cmTC_beaa5.dir/CMAKE_SIZEOF_UNSIGNED_SHORT.c.o
/Applications/Xcode.app/Contents/Developer/Toolchains/XcodeDefault.xctoolchain/usr/bin/cc    -pthread -g -O2 -Wall -Wextra -Wno-unused-parameter -D_FILE_OFFSET_BITS=64  -D_DARWIN_C_SOURCE  -std=c++11   -o CMakeFiles/cmTC_beaa5.dir/CMAKE_SIZEOF_UNSIGNED_SHORT.c.o   -c /Users/almightykim/Workspace/PC/CODE/aptcache/apt-cacher-ng/CMakeFiles/CheckTypeSize/CMAKE_SIZEOF_UNSIGNED_SHORT.c
error: invalid argument '-std=c++11' not allowed with 'C/ObjC'
make[1]: *** [CMakeFiles/cmTC_beaa5.dir/CMAKE_SIZEOF_UNSIGNED_SHORT.c.o] Error 1
make: *** [cmTC_beaa5/fast] Error 2

/Users/almightykim/Workspace/PC/CODE/aptcache/apt-cacher-ng/CMakeFiles/CheckTypeSize/CMAKE_SIZEOF_UNSIGNED_SHORT.c:


#undef KEY
#if defined(__i386)
# define KEY '_','_','i','3','8','6'
#elif defined(__x86_64)
# define KEY '_','_','x','8','6','_','6','4'
#elif defined(__ppc__)
# define KEY '_','_','p','p','c','_','_'
#elif defined(__ppc64__)
# define KEY '_','_','p','p','c','6','4','_','_'
#endif

#define SIZE (sizeof(unsigned short))
char info_size[] =  {'I', 'N', 'F', 'O', ':', 's','i','z','e','[',
  ('0' + ((SIZE / 10000)%10)),
  ('0' + ((SIZE / 1000)%10)),
  ('0' + ((SIZE / 100)%10)),
  ('0' + ((SIZE / 10)%10)),
  ('0' +  (SIZE    % 10)),
  ']',
#ifdef KEY
  ' ','k','e','y','[', KEY, ']',
#endif
  '\0'};

#ifdef __CLASSIC_C__
int main(argc, argv) int argc; char *argv[];
#else
int main(int argc, char *argv[])
#endif
{
  int require = 0;
  require += info_size[argc];
  (void)argv;
  return require;
}


Determining size of unsigned int failed with the following output:
Change Dir: /Users/almightykim/Workspace/PC/CODE/aptcache/apt-cacher-ng/CMakeFiles/CMakeTmp

Run Build Command:"/usr/bin/make" "cmTC_d38f5/fast"
/Applications/Xcode.app/Contents/Developer/usr/bin/make -f CMakeFiles/cmTC_d38f5.dir/build.make CMakeFiles/cmTC_d38f5.dir/build
Building C object CMakeFiles/cmTC_d38f5.dir/CMAKE_SIZEOF_UNSIGNED_INT.c.o
/Applications/Xcode.app/Contents/Developer/Toolchains/XcodeDefault.xctoolchain/usr/bin/cc    -pthread -g -O2 -Wall -Wextra -Wno-unused-parameter -D_FILE_OFFSET_BITS=64  -D_DARWIN_C_SOURCE  -std=c++11   -o CMakeFiles/cmTC_d38f5.dir/CMAKE_SIZEOF_UNSIGNED_INT.c.o   -c /Users/almightykim/Workspace/PC/CODE/aptcache/apt-cacher-ng/CMakeFiles/CheckTypeSize/CMAKE_SIZEOF_UNSIGNED_INT.c
error: invalid argument '-std=c++11' not allowed with 'C/ObjC'
make[1]: *** [CMakeFiles/cmTC_d38f5.dir/CMAKE_SIZEOF_UNSIGNED_INT.c.o] Error 1
make: *** [cmTC_d38f5/fast] Error 2

/Users/almightykim/Workspace/PC/CODE/aptcache/apt-cacher-ng/CMakeFiles/CheckTypeSize/CMAKE_SIZEOF_UNSIGNED_INT.c:


#undef KEY
#if defined(__i386)
# define KEY '_','_','i','3','8','6'
#elif defined(__x86_64)
# define KEY '_','_','x','8','6','_','6','4'
#elif defined(__ppc__)
# define KEY '_','_','p','p','c','_','_'
#elif defined(__ppc64__)
# define KEY '_','_','p','p','c','6','4','_','_'
#endif

#define SIZE (sizeof(unsigned int))
char info_size[] =  {'I', 'N', 'F', 'O', ':', 's','i','z','e','[',
  ('0' + ((SIZE / 10000)%10)),
  ('0' + ((SIZE / 1000)%10)),
  ('0' + ((SIZE / 100)%10)),
  ('0' + ((SIZE / 10)%10)),
  ('0' +  (SIZE    % 10)),
  ']',
#ifdef KEY
  ' ','k','e','y','[', KEY, ']',
#endif
  '\0'};

#ifdef __CLASSIC_C__
int main(argc, argv) int argc; char *argv[];
#else
int main(int argc, char *argv[])
#endif
{
  int require = 0;
  require += info_size[argc];
  (void)argv;
  return require;
}


Determining size of unsigned long failed with the following output:
Change Dir: /Users/almightykim/Workspace/PC/CODE/aptcache/apt-cacher-ng/CMakeFiles/CMakeTmp

Run Build Command:"/usr/bin/make" "cmTC_6f0d7/fast"
/Applications/Xcode.app/Contents/Developer/usr/bin/make -f CMakeFiles/cmTC_6f0d7.dir/build.make CMakeFiles/cmTC_6f0d7.dir/build
Building C object CMakeFiles/cmTC_6f0d7.dir/CMAKE_SIZEOF_UNSIGNED_LONG.c.o
/Applications/Xcode.app/Contents/Developer/Toolchains/XcodeDefault.xctoolchain/usr/bin/cc    -pthread -g -O2 -Wall -Wextra -Wno-unused-parameter -D_FILE_OFFSET_BITS=64  -D_DARWIN_C_SOURCE  -std=c++11   -o CMakeFiles/cmTC_6f0d7.dir/CMAKE_SIZEOF_UNSIGNED_LONG.c.o   -c /Users/almightykim/Workspace/PC/CODE/aptcache/apt-cacher-ng/CMakeFiles/CheckTypeSize/CMAKE_SIZEOF_UNSIGNED_LONG.c
error: invalid argument '-std=c++11' not allowed with 'C/ObjC'
make[1]: *** [CMakeFiles/cmTC_6f0d7.dir/CMAKE_SIZEOF_UNSIGNED_LONG.c.o] Error 1
make: *** [cmTC_6f0d7/fast] Error 2

/Users/almightykim/Workspace/PC/CODE/aptcache/apt-cacher-ng/CMakeFiles/CheckTypeSize/CMAKE_SIZEOF_UNSIGNED_LONG.c:


#undef KEY
#if defined(__i386)
# define KEY '_','_','i','3','8','6'
#elif defined(__x86_64)
# define KEY '_','_','x','8','6','_','6','4'
#elif defined(__ppc__)
# define KEY '_','_','p','p','c','_','_'
#elif defined(__ppc64__)
# define KEY '_','_','p','p','c','6','4','_','_'
#endif

#define SIZE (sizeof(unsigned long))
char info_size[] =  {'I', 'N', 'F', 'O', ':', 's','i','z','e','[',
  ('0' + ((SIZE / 10000)%10)),
  ('0' + ((SIZE / 1000)%10)),
  ('0' + ((SIZE / 100)%10)),
  ('0' + ((SIZE / 10)%10)),
  ('0' +  (SIZE    % 10)),
  ']',
#ifdef KEY
  ' ','k','e','y','[', KEY, ']',
#endif
  '\0'};

#ifdef __CLASSIC_C__
int main(argc, argv) int argc; char *argv[];
#else
int main(int argc, char *argv[])
#endif
{
  int require = 0;
  require += info_size[argc];
  (void)argv;
  return require;
}


Performing C++ SOURCE FILE Test HAVE_TR1_MEMORY failed with the following output:
Change Dir: /Users/almightykim/Workspace/PC/CODE/aptcache/apt-cacher-ng/CMakeFiles/CMakeTmp

Run Build Command:"/usr/bin/make" "cmTC_e015e/fast"
/Applications/Xcode.app/Contents/Developer/usr/bin/make -f CMakeFiles/cmTC_e015e.dir/build.make CMakeFiles/cmTC_e015e.dir/build
Building CXX object CMakeFiles/cmTC_e015e.dir/src.cxx.o
/Applications/Xcode.app/Contents/Developer/Toolchains/XcodeDefault.xctoolchain/usr/bin/c++     -DHAVE_TR1_MEMORY    -pthread -g -O2 -Wall -Wextra -Wno-unused-parameter -D_FILE_OFFSET_BITS=64  -D_DARWIN_C_SOURCE  -std=c++11   -o CMakeFiles/cmTC_e015e.dir/src.cxx.o -c /Users/almightykim/Workspace/PC/CODE/aptcache/apt-cacher-ng/CMakeFiles/CMakeTmp/src.cxx
/Users/almightykim/Workspace/PC/CODE/aptcache/apt-cacher-ng/CMakeFiles/CMakeTmp/src.cxx:2:10: fatal error: 'tr1/memory' file not found
#include <tr1/memory>
         ^
1 error generated.
make[1]: *** [CMakeFiles/cmTC_e015e.dir/src.cxx.o] Error 1
make: *** [cmTC_e015e/fast] Error 2

Source file was:

#include <tr1/memory>
int main() { return NULL != std::tr1::shared_ptr<int>(new int(1)); }

Performing C++ SOURCE FILE Test HAVE_BOOST_SMARTPTR failed with the following output:
Change Dir: /Users/almightykim/Workspace/PC/CODE/aptcache/apt-cacher-ng/CMakeFiles/CMakeTmp

Run Build Command:"/usr/bin/make" "cmTC_b3bd2/fast"
/Applications/Xcode.app/Contents/Developer/usr/bin/make -f CMakeFiles/cmTC_b3bd2.dir/build.make CMakeFiles/cmTC_b3bd2.dir/build
Building CXX object CMakeFiles/cmTC_b3bd2.dir/src.cxx.o
/Applications/Xcode.app/Contents/Developer/Toolchains/XcodeDefault.xctoolchain/usr/bin/c++    -I/Users/almightykim/Workspace/PC/CODE/aptcache/apt-cacher-ng/CMakeFiles/CMakeTmp/. -I/Users/almightykim/Workspace/PC/CODE/aptcache/apt-cacher-ng  -DHAVE_BOOST_SMARTPTR    -pthread -g -O2 -Wall -Wextra -Wno-unused-parameter -D_FILE_OFFSET_BITS=64  -D_DARWIN_C_SOURCE  -std=c++11   -o CMakeFiles/cmTC_b3bd2.dir/src.cxx.o -c /Users/almightykim/Workspace/PC/CODE/aptcache/apt-cacher-ng/CMakeFiles/CMakeTmp/src.cxx
/Users/almightykim/Workspace/PC/CODE/aptcache/apt-cacher-ng/CMakeFiles/CMakeTmp/src.cxx:2:10: fatal error: 'boost/smart_ptr.hpp' file not found
#include <boost/smart_ptr.hpp>
         ^
1 error generated.
make[1]: *** [CMakeFiles/cmTC_b3bd2.dir/src.cxx.o] Error 1
make: *** [cmTC_b3bd2/fast] Error 2

Source file was:

#include <boost/smart_ptr.hpp>
int main() { return NULL != boost::shared_ptr<int>(new int(1)); }

Performing C++ SOURCE FILE Test HAVE_FUSE_25 failed with the following output:
Change Dir: /Users/almightykim/Workspace/PC/CODE/aptcache/apt-cacher-ng/CMakeFiles/CMakeTmp

Run Build Command:"/usr/bin/make" "cmTC_3ff02/fast"
/Applications/Xcode.app/Contents/Developer/usr/bin/make -f CMakeFiles/cmTC_3ff02.dir/build.make CMakeFiles/cmTC_3ff02.dir/build
Building CXX object CMakeFiles/cmTC_3ff02.dir/src.cxx.o
/Applications/Xcode.app/Contents/Developer/Toolchains/XcodeDefault.xctoolchain/usr/bin/c++     -DHAVE_FUSE_25     -pthread -g -O2 -Wall -Wextra -Wno-unused-parameter -D_FILE_OFFSET_BITS=64  -D_DARWIN_C_SOURCE  -std=c++11   -o CMakeFiles/cmTC_3ff02.dir/src.cxx.o -c /Users/almightykim/Workspace/PC/CODE/aptcache/apt-cacher-ng/CMakeFiles/CMakeTmp/src.cxx
/Users/almightykim/Workspace/PC/CODE/aptcache/apt-cacher-ng/CMakeFiles/CMakeTmp/src.cxx:4:10: fatal error: 'fuse.h' file not found
#include <fuse.h>
         ^
1 error generated.
make[1]: *** [CMakeFiles/cmTC_3ff02.dir/src.cxx.o] Error 1
make: *** [cmTC_3ff02/fast] Error 2

Source file was:

#define _FILE_OFFSET_BITS 64
#define FUSE_USE_VERSION 25
#include <fuse.h>
int main() { return 0; }

